<?xml version="1.0" encoding="UTF-8"?>
<!-- Generated by org.testng.reporters.JUnitReportReporter -->
<testsuite hostname="DESKTOP-BG5AN1S" failures="0" tests="2" name="com.demo.Test.KeyPressesTest" time="0.470" errors="0" timestamp="2021-01-06T09:06:05 EET" skipped="0">
  <testcase classname="com.demo.Test.KeyPressesTest" name="testBackSpace" time="0.386"/>
  <system-out/>
  <testcase classname="com.demo.Test.KeyPressesTest" name="testShift" time="0.084"/>
  <system-out/>
</testsuite> <!-- com.demo.Test.KeyPressesTest -->
