<?xml version="1.0" encoding="UTF-8"?>
<!-- Generated by org.testng.reporters.JUnitReportReporter -->
<testsuite hostname="DESKTOP-BG5AN1S" failures="0" tests="1" name="com.demo.Test.BasicAuthenticationTest" time="8.666" errors="0" timestamp="2021-01-04T17:57:34 EET" skipped="0">
  <testcase classname="com.demo.Test.BasicAuthenticationTest" name="handleBasicAndDigestAuth" time="8.666"/>
  <system-out/>
</testsuite> <!-- com.demo.Test.BasicAuthenticationTest -->
