<?xml version="1.0" encoding="UTF-8"?>
<!-- Generated by org.testng.reporters.JUnitReportReporter -->
<testsuite hostname="DESKTOP-BG5AN1S" failures="0" tests="3" name="com.demo.Test.ShiftingContentTest" time="1.755" errors="0" timestamp="2021-01-06T09:06:05 EET" skipped="0">
  <testcase classname="com.demo.Test.ShiftingContentTest" name="verifyShiftingContentElement" time="0.824"/>
  <system-out/>
  <testcase classname="com.demo.Test.ShiftingContentTest" name="verifyImageIsDisplayed" time="0.558"/>
  <system-out/>
  <testcase classname="com.demo.Test.ShiftingContentTest" name="verifyList" time="0.373"/>
  <system-out/>
</testsuite> <!-- com.demo.Test.ShiftingContentTest -->
