<?xml version="1.0" encoding="UTF-8"?>
<!-- Generated by org.testng.reporters.JUnitReportReporter -->
<testsuite hostname="DESKTOP-BG5AN1S" failures="0" tests="3" name="com.demo.Test.JavaScriptAlertsTest" time="0.635" errors="0" timestamp="2021-01-06T09:06:05 EET" skipped="0">
  <testcase classname="com.demo.Test.JavaScriptAlertsTest" name="checkJsAlert" time="0.408"/>
  <system-out/>
  <testcase classname="com.demo.Test.JavaScriptAlertsTest" name="checkJsConfirm" time="0.111"/>
  <system-out/>
  <testcase classname="com.demo.Test.JavaScriptAlertsTest" name="checkJsPrompt" time="0.116"/>
  <system-out/>
</testsuite> <!-- com.demo.Test.JavaScriptAlertsTest -->
