<?xml version="1.0" encoding="UTF-8"?>
<!-- Generated by org.testng.reporters.JUnitReportReporter -->
<testsuite hostname="DESKTOP-BG5AN1S" failures="0" tests="1" name="com.demo.Test.HoversTest" time="0.619" errors="0" timestamp="2021-01-06T09:06:05 EET" skipped="0">
  <testcase classname="com.demo.Test.HoversTest" name="HoverOverFigure" time="0.619"/>
  <system-out/>
</testsuite> <!-- com.demo.Test.HoversTest -->
