<?xml version="1.0" encoding="UTF-8"?>
<!-- Generated by org.testng.reporters.JUnitReportReporter -->
<testsuite hostname="DESKTOP-BG5AN1S" failures="0" tests="3" name="com.demo.Test.ShiftingContentTest" time="1.476" errors="0" timestamp="2021-01-06T14:56:33 EET" skipped="0">
  <testcase classname="com.demo.Test.ShiftingContentTest" name="verifyShiftingContentElement" time="0.667"/>
  <system-out/>
  <testcase classname="com.demo.Test.ShiftingContentTest" name="verifyImageIsDisplayed" time="0.508"/>
  <system-out/>
  <testcase classname="com.demo.Test.ShiftingContentTest" name="verifyList" time="0.301"/>
  <system-out/>
</testsuite> <!-- com.demo.Test.ShiftingContentTest -->
