<?xml version="1.0" encoding="UTF-8"?>
<!-- Generated by org.testng.reporters.JUnitReportReporter -->
<testsuite hostname="DESKTOP-BG5AN1S" failures="0" tests="3" name="com.demo.Test.JavaScriptAlertsTest" time="0.613" errors="0" timestamp="2021-01-06T14:56:33 EET" skipped="0">
  <testcase classname="com.demo.Test.JavaScriptAlertsTest" name="checkJsAlert" time="0.398"/>
  <system-out/>
  <testcase classname="com.demo.Test.JavaScriptAlertsTest" name="checkJsConfirm" time="0.115"/>
  <system-out/>
  <testcase classname="com.demo.Test.JavaScriptAlertsTest" name="checkJsPrompt" time="0.100"/>
  <system-out/>
</testsuite> <!-- com.demo.Test.JavaScriptAlertsTest -->
