<?xml version="1.0" encoding="UTF-8"?>
<!-- Generated by org.testng.reporters.JUnitReportReporter -->
<testsuite hostname="DESKTOP-BG5AN1S" failures="0" tests="1" name="com.demo.Test.FormAuthenticationTest" time="1.499" errors="0" timestamp="2021-01-06T14:56:33 EET" skipped="0">
  <testcase classname="com.demo.Test.FormAuthenticationTest" name="VerifyLogin" time="1.499"/>
  <system-out/>
</testsuite> <!-- com.demo.Test.FormAuthenticationTest -->
