<?xml version="1.0" encoding="UTF-8"?>
<!-- Generated by org.testng.reporters.JUnitReportReporter -->
<testsuite hostname="DESKTOP-BG5AN1S" failures="0" tests="1" name="com.demo.Test.IFrameTest" time="7.637" errors="0" timestamp="2021-01-06T14:56:33 EET" skipped="0">
  <testcase classname="com.demo.Test.IFrameTest" name="TypeTextInsideFrame" time="7.637"/>
  <system-out/>
</testsuite> <!-- com.demo.Test.IFrameTest -->
